<?xml version="1.0" encoding="UTF-8"?>
<!-- Generated by org.testng.reporters.JUnitReportReporter -->
<testsuite hostname="Aravindh-PC" failures="0" tests="1" name="com.qa.barcode.BarCodeTest" time="22.517" errors="0" timestamp="08 May 2019 01:25:28 GMT" skipped="0">
  <testcase classname="com.qa.barcode.BarCodeTest" name="barCodeTest" time="22.517"/>
</testsuite> <!-- com.qa.barcode.BarCodeTest -->
